Building DAG of jobs...
Using shell: /usr/bin/bash
Provided cores: 1 (use --cores to define parallelism)
Rules claiming more threads will be scaled down.
Job stats:
job        count    min threads    max threads
-------  -------  -------------  -------------
bwa_map        1              1              1
total          1              1              1

Select jobs to execute...

[Tue Dec 14 15:45:42 2021]
rule bwa_map:
    input: data/genome.fa, data/samples/B.fastq
    output: mapped_reads/B.bam
    jobid: 0
    wildcards: sample=B
    resources: tmpdir=/tmp

[Tue Dec 14 15:45:43 2021]
Finished job 0.
1 of 1 steps (100%) done
Complete log: /home/plycrsk/PhD/MPI-AGE2/RNA_AB_Diversity_Analysis/snakemake-tutorial/.snakemake/log/2021-12-14T154541.998442.snakemake.log
