Building DAG of jobs...
Using shell: /usr/bin/bash
Provided cores: 1 (use --cores to define parallelism)
Rules claiming more threads will be scaled down.
Job stats:
job           count    min threads    max threads
----------  -------  -------------  -------------
all               1              1              1
plot_quals        1              1              1
total             2              1              1

Select jobs to execute...

[Wed Dec 15 14:14:45 2021]
rule plot_quals:
    input: calls/all.vcf
    output: plots/quals.svg
    jobid: 1
    resources: tmpdir=/tmp

[Wed Dec 15 14:14:45 2021]
Error in rule plot_quals:
    jobid: 1
    output: plots/quals.svg

RuleException:
URLError in line 50 of /home/plycrsk/PhD/MPI-AGE2/RNA_AB_Diversity_Analysis/snakemake-tutorial/Snakefile:
<urlopen error [Errno 2] No such file or directory: '/home/plycrsk/PhD/MPI-AGE2/RNA_AB_Diversity_Analysis/snakemake-tutorial/scripts/plot-quals.py'>
  File "/home/plycrsk/PhD/MPI-AGE2/RNA_AB_Diversity_Analysis/snakemake-tutorial/Snakefile", line 50, in __rule_plot_quals
  File "/home/plycrsk/anaconda3/envs/snakemake-tutorial/lib/python3.8/urllib/request.py", line 222, in urlopen
  File "/home/plycrsk/anaconda3/envs/snakemake-tutorial/lib/python3.8/urllib/request.py", line 525, in open
  File "/home/plycrsk/anaconda3/envs/snakemake-tutorial/lib/python3.8/urllib/request.py", line 542, in _open
  File "/home/plycrsk/anaconda3/envs/snakemake-tutorial/lib/python3.8/urllib/request.py", line 502, in _call_chain
  File "/home/plycrsk/anaconda3/envs/snakemake-tutorial/lib/python3.8/urllib/request.py", line 1485, in file_open
  File "/home/plycrsk/anaconda3/envs/snakemake-tutorial/lib/python3.8/urllib/request.py", line 1524, in open_local_file
  File "/home/plycrsk/anaconda3/envs/snakemake-tutorial/lib/python3.8/concurrent/futures/thread.py", line 57, in run
Shutting down, this might take some time.
Exiting because a job execution failed. Look above for error message
Complete log: /home/plycrsk/PhD/MPI-AGE2/RNA_AB_Diversity_Analysis/snakemake-tutorial/.snakemake/log/2021-12-15T141445.574318.snakemake.log
