Building DAG of jobs...
Using shell: /usr/bin/bash
Provided cores: 1 (use --cores to define parallelism)
Rules claiming more threads will be scaled down.
Job stats:
job               count    min threads    max threads
--------------  -------  -------------  -------------
all                   1              1              1
bcftools_call         1              1              1
bwa_map               2              1              1
plot_quals            1              1              1
samtools_index        2              1              1
samtools_sort         2              1              1
total                 9              1              1

Select jobs to execute...

[Wed Dec 15 14:13:58 2021]
rule bwa_map:
    input: data/genome.fa, data/samples/A.fastq
    output: mapped_reads/A.bam
    jobid: 4
    wildcards: sample=A
    resources: tmpdir=/tmp

[Wed Dec 15 14:13:59 2021]
Finished job 4.
1 of 9 steps (11%) done
Select jobs to execute...

[Wed Dec 15 14:13:59 2021]
rule samtools_sort:
    input: mapped_reads/A.bam
    output: sorted_reads/A.bam
    jobid: 3
    wildcards: sample=A
    resources: tmpdir=/tmp

[Wed Dec 15 14:13:59 2021]
Finished job 3.
2 of 9 steps (22%) done
Select jobs to execute...

[Wed Dec 15 14:13:59 2021]
rule samtools_index:
    input: sorted_reads/A.bam
    output: sorted_reads/A.bam.bai
    jobid: 7
    wildcards: sample=A
    resources: tmpdir=/tmp

[Wed Dec 15 14:13:59 2021]
Finished job 7.
3 of 9 steps (33%) done
Select jobs to execute...

[Wed Dec 15 14:13:59 2021]
rule bwa_map:
    input: data/genome.fa, data/samples/B.fastq
    output: mapped_reads/B.bam
    jobid: 6
    wildcards: sample=B
    resources: tmpdir=/tmp

[Wed Dec 15 14:14:01 2021]
Finished job 6.
4 of 9 steps (44%) done
Select jobs to execute...

[Wed Dec 15 14:14:01 2021]
rule samtools_sort:
    input: mapped_reads/B.bam
    output: sorted_reads/B.bam
    jobid: 5
    wildcards: sample=B
    resources: tmpdir=/tmp

[Wed Dec 15 14:14:01 2021]
Finished job 5.
5 of 9 steps (56%) done
Select jobs to execute...

[Wed Dec 15 14:14:01 2021]
rule samtools_index:
    input: sorted_reads/B.bam
    output: sorted_reads/B.bam.bai
    jobid: 8
    wildcards: sample=B
    resources: tmpdir=/tmp

[Wed Dec 15 14:14:01 2021]
Finished job 8.
6 of 9 steps (67%) done
Select jobs to execute...

[Wed Dec 15 14:14:01 2021]
rule bcftools_call:
    input: data/genome.fa, sorted_reads/A.bam, sorted_reads/B.bam, sorted_reads/A.bam.bai, sorted_reads/B.bam.bai
    output: calls/all.vcf
    jobid: 2
    resources: tmpdir=/tmp

[Wed Dec 15 14:14:02 2021]
Finished job 2.
7 of 9 steps (78%) done
Select jobs to execute...

[Wed Dec 15 14:14:02 2021]
rule plot_quals:
    input: calls/all.vcf
    output: plots/quals.svg
    jobid: 1
    resources: tmpdir=/tmp

[Wed Dec 15 14:14:02 2021]
Error in rule plot_quals:
    jobid: 1
    output: plots/quals.svg

RuleException:
URLError in line 50 of /home/plycrsk/PhD/MPI-AGE2/RNA_AB_Diversity_Analysis/snakemake-tutorial/Snakefile:
<urlopen error [Errno 2] No such file or directory: '/home/plycrsk/PhD/MPI-AGE2/RNA_AB_Diversity_Analysis/snakemake-tutorial/scripts/plot-quals.py'>
  File "/home/plycrsk/PhD/MPI-AGE2/RNA_AB_Diversity_Analysis/snakemake-tutorial/Snakefile", line 50, in __rule_plot_quals
  File "/home/plycrsk/anaconda3/envs/snakemake-tutorial/lib/python3.8/urllib/request.py", line 222, in urlopen
  File "/home/plycrsk/anaconda3/envs/snakemake-tutorial/lib/python3.8/urllib/request.py", line 525, in open
  File "/home/plycrsk/anaconda3/envs/snakemake-tutorial/lib/python3.8/urllib/request.py", line 542, in _open
  File "/home/plycrsk/anaconda3/envs/snakemake-tutorial/lib/python3.8/urllib/request.py", line 502, in _call_chain
  File "/home/plycrsk/anaconda3/envs/snakemake-tutorial/lib/python3.8/urllib/request.py", line 1485, in file_open
  File "/home/plycrsk/anaconda3/envs/snakemake-tutorial/lib/python3.8/urllib/request.py", line 1524, in open_local_file
  File "/home/plycrsk/anaconda3/envs/snakemake-tutorial/lib/python3.8/concurrent/futures/thread.py", line 57, in run
Shutting down, this might take some time.
Exiting because a job execution failed. Look above for error message
Complete log: /home/plycrsk/PhD/MPI-AGE2/RNA_AB_Diversity_Analysis/snakemake-tutorial/.snakemake/log/2021-12-15T141357.715434.snakemake.log
