Building DAG of jobs...
Using shell: /usr/bin/bash
Provided cores: 1 (use --cores to define parallelism)
Rules claiming more threads will be scaled down.
Job stats:
job        count    min threads    max threads
-------  -------  -------------  -------------
bwa_map        1              1              1
total          1              1              1

Select jobs to execute...

[Fri Sep 17 15:24:59 2021]
rule bwa_map:
    input: data/genome.fa, data/samples/A.fastq
    output: mapped_reads/A.bam
    jobid: 0
    resources: tmpdir=/tmp

[Fri Sep 17 15:25:00 2021]
Finished job 0.
1 of 1 steps (100%) done
Complete log: /home/plycrsk/PhD/MPI-AGE2/RNA_AB_Diversity_Analysis/snakemake-tutorial/.snakemake/log/2021-09-17T152458.890500.snakemake.log
