Building DAG of jobs...
Using shell: /usr/bin/bash
Provided cores: 1 (use --cores to define parallelism)
Rules claiming more threads will be scaled down.
Conda environments: ignored
Singularity containers: ignored
Job stats:
job                          count    min threads    max threads
-------------------------  -------  -------------  -------------
align                            2              1              1
all                              1              1              1
count_matrix                     1              1              1
deseq2                           1              1              1
deseq2_init                      1              1              1
gene_2_symbol                    3              1              1
get_annotation                   1              1              1
get_genome                       1              1              1
multiqc                          1              1              1
pca                              1              1              1
rseqc_gtf2bed                    1              1              1
rseqc_infer                      2              1              1
rseqc_innerdis                   2              1              1
rseqc_junction_annotation        2              1              1
rseqc_junction_saturation        2              1              1
rseqc_readdis                    2              1              1
rseqc_readdup                    2              1              1
rseqc_readgc                     2              1              1
rseqc_stat                       2              1              1
star_index                       1              1              1
total                           31              1              1

Select jobs to execute...

[Fri Dec 17 09:32:51 2021]
rule get_annotation:
    output: resources/genome.gtf
    log: logs/get_annotation.log
    jobid: 8
    resources: tmpdir=/tmp

[Fri Dec 17 09:33:09 2021]
Finished job 8.
1 of 31 steps (3%) done
Select jobs to execute...

[Fri Dec 17 09:33:09 2021]
rule get_genome:
    output: resources/genome.fasta
    log: logs/get-genome.log
    jobid: 7
    resources: tmpdir=/tmp

