Building DAG of jobs...
Using shell: /usr/bin/bash
Provided cores: 1 (use --cores to define parallelism)
Rules claiming more threads will be scaled down.
Job stats:
job      count    min threads    max threads
-----  -------  -------------  -------------
DESeq        1              1              1
total        1              1              1

Select jobs to execute...

[Tue Dec 14 14:17:38 2021]
rule DESeq:
    input: raw_data/rna_data_raw_counts.csv
    output: data/test.Q0.00.csv
    jobid: 0
    resources: tmpdir=/tmp

[Tue Dec 14 14:17:39 2021]
Finished job 0.
1 of 1 steps (100%) done
Complete log: /home/plycrsk/PhD/MPI-AGE2/RNA_AB_Diversity_Analysis/Snakemake_Trial/.snakemake/log/2021-12-14T141738.405546.snakemake.log
