Building DAG of jobs...
Using shell: /usr/bin/bash
Provided cores: 1 (use --cores to define parallelism)
Rules claiming more threads will be scaled down.
Job stats:
job      count    min threads    max threads
-----  -------  -------------  -------------
DESeq        6              1              1
total        6              1              1

Select jobs to execute...

[Wed Dec 15 14:44:13 2021]
rule DESeq:
    input: raw_data/rna_data_raw_counts.csv, raw_data/meta_data_Q2.00.csv
    output: data/Q2.00.csv
    jobid: 2
    wildcards: diversity=Q2.00
    resources: tmpdir=/tmp

[Wed Dec 15 14:44:15 2021]
Finished job 2.
1 of 6 steps (17%) done
Select jobs to execute...

[Wed Dec 15 14:44:15 2021]
rule DESeq:
    input: raw_data/rna_data_raw_counts.csv, raw_data/meta_data_Q1.00.csv
    output: data/Q1.00.csv
    jobid: 4
    wildcards: diversity=Q1.00
    resources: tmpdir=/tmp

[Wed Dec 15 14:44:16 2021]
Finished job 4.
2 of 6 steps (33%) done
Select jobs to execute...

[Wed Dec 15 14:44:16 2021]
rule DESeq:
    input: raw_data/rna_data_raw_counts.csv, raw_data/meta_data_Q1.50.csv
    output: data/Q1.50.csv
    jobid: 1
    wildcards: diversity=Q1.50
    resources: tmpdir=/tmp

[Wed Dec 15 14:44:17 2021]
Finished job 1.
3 of 6 steps (50%) done
Select jobs to execute...

[Wed Dec 15 14:44:17 2021]
rule DESeq:
    input: raw_data/rna_data_raw_counts.csv, raw_data/meta_data_Q4.00.csv
    output: data/Q4.00.csv
    jobid: 0
    wildcards: diversity=Q4.00
    resources: tmpdir=/tmp

[Wed Dec 15 14:44:18 2021]
Finished job 0.
4 of 6 steps (67%) done
Select jobs to execute...

[Wed Dec 15 14:44:18 2021]
rule DESeq:
    input: raw_data/rna_data_raw_counts.csv, raw_data/meta_data_Q0.00.csv
    output: data/Q0.00.csv
    jobid: 3
    wildcards: diversity=Q0.00
    resources: tmpdir=/tmp

[Wed Dec 15 14:44:20 2021]
Finished job 3.
5 of 6 steps (83%) done
Select jobs to execute...

[Wed Dec 15 14:44:20 2021]
rule DESeq:
    input: raw_data/rna_data_raw_counts.csv, raw_data/meta_data_Q3.00.csv
    output: data/Q3.00.csv
    jobid: 5
    wildcards: diversity=Q3.00
    resources: tmpdir=/tmp

[Wed Dec 15 14:44:21 2021]
Finished job 5.
6 of 6 steps (100%) done
Complete log: /home/plycrsk/PhD/MPI-AGE2/RNA_AB_Diversity_Analysis/Snakemake_Trial/.snakemake/log/2021-12-15T144413.632001.snakemake.log
