Building DAG of jobs...
Using shell: /usr/bin/bash
Provided cores: 1 (use --cores to define parallelism)
Rules claiming more threads will be scaled down.
Job stats:
job      count    min threads    max threads
-----  -------  -------------  -------------
DESeq        5              1              1
total        5              1              1

Select jobs to execute...

[Wed Dec 15 14:38:13 2021]
rule DESeq:
    input: raw_data/rna_data_raw_counts.csv, raw_data/Q3.00.csv
    output: data/Q3.00.csv
    jobid: 4
    wildcards: diversity=Q3.00
    resources: tmpdir=/tmp

[Wed Dec 15 14:38:14 2021]
Finished job 4.
1 of 5 steps (20%) done
Select jobs to execute...

[Wed Dec 15 14:38:14 2021]
rule DESeq:
    input: raw_data/rna_data_raw_counts.csv, raw_data/Q1.00.csv
    output: data/Q1.00.csv
    jobid: 1
    wildcards: diversity=Q1.00
    resources: tmpdir=/tmp

[Wed Dec 15 14:38:15 2021]
Finished job 1.
2 of 5 steps (40%) done
Select jobs to execute...

[Wed Dec 15 14:38:15 2021]
rule DESeq:
    input: raw_data/rna_data_raw_counts.csv, raw_data/Q1.50.csv
    output: data/Q1.50.csv
    jobid: 0
    wildcards: diversity=Q1.50
    resources: tmpdir=/tmp

[Wed Dec 15 14:38:17 2021]
Finished job 0.
3 of 5 steps (60%) done
Select jobs to execute...

[Wed Dec 15 14:38:17 2021]
rule DESeq:
    input: raw_data/rna_data_raw_counts.csv, raw_data/Q2.00.csv
    output: data/Q2.00.csv
    jobid: 3
    wildcards: diversity=Q2.00
    resources: tmpdir=/tmp

[Wed Dec 15 14:38:18 2021]
Finished job 3.
4 of 5 steps (80%) done
Select jobs to execute...

[Wed Dec 15 14:38:18 2021]
rule DESeq:
    input: raw_data/rna_data_raw_counts.csv, raw_data/Q4.00.csv
    output: data/Q4.00.csv
    jobid: 5
    wildcards: diversity=Q4.00
    resources: tmpdir=/tmp

[Wed Dec 15 14:38:19 2021]
Finished job 5.
5 of 5 steps (100%) done
Complete log: /home/plycrsk/PhD/MPI-AGE2/RNA_AB_Diversity_Analysis/Snakemake_Trial/.snakemake/log/2021-12-15T143813.025985.snakemake.log
