Building DAG of jobs...
Using shell: /usr/bin/bash
Provided cores: 1 (use --cores to define parallelism)
Rules claiming more threads will be scaled down.
Job stats:
job      count    min threads    max threads
-----  -------  -------------  -------------
DESeq        1              1              1
total        1              1              1

Select jobs to execute...

[Tue Dec 14 13:47:03 2021]
rule DESeq:
    output: data/test.Q0.00.csv
    jobid: 0
    resources: tmpdir=/tmp

[Tue Dec 14 13:47:03 2021]
Error in rule DESeq:
    jobid: 0
    output: data/test.Q0.00.csv
    shell:
        Rscript /scripts/snake.R
        (one of the commands exited with non-zero exit code; note that snakemake uses bash strict mode!)

Shutting down, this might take some time.
Exiting because a job execution failed. Look above for error message
Complete log: /home/plycrsk/PhD/MPI-AGE2/RNA_AB_Diversity_Analysis/Snakemake_Trial/.snakemake/log/2021-12-14T134702.894108.snakemake.log
