Building DAG of jobs...
Using shell: /usr/bin/bash
Provided cores: 1 (use --cores to define parallelism)
Rules claiming more threads will be scaled down.
Job stats:
job                      count    min threads    max threads
---------------------  -------  -------------  -------------
DESeq                        6              1              1
GSEA                         6              1              1
Immune_Term_Reduction        6              1              1
total                       18              1              1

Select jobs to execute...

[Wed Dec 15 15:49:19 2021]
rule DESeq:
    input: raw_data/rna_data_raw_counts.csv, raw_data/meta_data_Q4.00.csv
    output: data/Q4.00.csv
    jobid: 14
    wildcards: diversity=Q4.00
    resources: tmpdir=/tmp

[Wed Dec 15 15:49:48 2021]
Finished job 14.
1 of 18 steps (6%) done
Select jobs to execute...

[Wed Dec 15 15:49:48 2021]
rule GSEA:
    input: data/Q4.00.csv, raw_data/killifish_human_ortho.csv
    output: data/GSEA/Q4.00.rda, data/GSEA/Q4.00.csv
    jobid: 13
    wildcards: diversity=Q4.00
    resources: tmpdir=/tmp

[Wed Dec 15 15:51:30 2021]
Finished job 13.
2 of 18 steps (11%) done
Select jobs to execute...

[Wed Dec 15 15:51:30 2021]
rule Immune_Term_Reduction:
    input: data/GSEA/Q4.00.csv
    output: data/GSEA/GSEA_Results_ImmuneTerms_Q4.00.csv
    jobid: 12
    wildcards: diversity=Q4.00
    resources: tmpdir=/tmp

[Wed Dec 15 15:51:36 2021]
Finished job 12.
3 of 18 steps (17%) done
Select jobs to execute...

[Wed Dec 15 15:51:36 2021]
rule DESeq:
    input: raw_data/rna_data_raw_counts.csv, raw_data/meta_data_Q1.00.csv
    output: data/Q1.00.csv
    jobid: 2
    wildcards: diversity=Q1.00
    resources: tmpdir=/tmp

[Wed Dec 15 15:52:06 2021]
Finished job 2.
4 of 18 steps (22%) done
Select jobs to execute...

[Wed Dec 15 15:52:06 2021]
rule DESeq:
    input: raw_data/rna_data_raw_counts.csv, raw_data/meta_data_Q1.50.csv
    output: data/Q1.50.csv
    jobid: 5
    wildcards: diversity=Q1.50
    resources: tmpdir=/tmp

[Wed Dec 15 15:52:36 2021]
Finished job 5.
5 of 18 steps (28%) done
Select jobs to execute...

[Wed Dec 15 15:52:36 2021]
rule GSEA:
    input: data/Q1.00.csv, raw_data/killifish_human_ortho.csv
    output: data/GSEA/Q1.00.rda, data/GSEA/Q1.00.csv
    jobid: 1
    wildcards: diversity=Q1.00
    resources: tmpdir=/tmp

[Wed Dec 15 15:54:23 2021]
Finished job 1.
6 of 18 steps (33%) done
Select jobs to execute...

[Wed Dec 15 15:54:23 2021]
rule Immune_Term_Reduction:
    input: data/GSEA/Q1.00.csv
    output: data/GSEA/GSEA_Results_ImmuneTerms_Q1.00.csv
    jobid: 0
    wildcards: diversity=Q1.00
    resources: tmpdir=/tmp

[Wed Dec 15 15:54:30 2021]
Finished job 0.
7 of 18 steps (39%) done
Select jobs to execute...

[Wed Dec 15 15:54:30 2021]
rule DESeq:
    input: raw_data/rna_data_raw_counts.csv, raw_data/meta_data_Q2.00.csv
    output: data/Q2.00.csv
    jobid: 11
    wildcards: diversity=Q2.00
    resources: tmpdir=/tmp

[Wed Dec 15 15:54:59 2021]
Finished job 11.
8 of 18 steps (44%) done
Select jobs to execute...

[Wed Dec 15 15:54:59 2021]
rule DESeq:
    input: raw_data/rna_data_raw_counts.csv, raw_data/meta_data_Q0.00.csv
    output: data/Q0.00.csv
    jobid: 17
    wildcards: diversity=Q0.00
    resources: tmpdir=/tmp

[Wed Dec 15 15:55:28 2021]
Finished job 17.
9 of 18 steps (50%) done
Select jobs to execute...

[Wed Dec 15 15:55:28 2021]
rule DESeq:
    input: raw_data/rna_data_raw_counts.csv, raw_data/meta_data_Q3.00.csv
    output: data/Q3.00.csv
    jobid: 8
    wildcards: diversity=Q3.00
    resources: tmpdir=/tmp

[Wed Dec 15 15:56:03 2021]
Finished job 8.
10 of 18 steps (56%) done
Select jobs to execute...

[Wed Dec 15 15:56:03 2021]
rule GSEA:
    input: data/Q3.00.csv, raw_data/killifish_human_ortho.csv
    output: data/GSEA/Q3.00.rda, data/GSEA/Q3.00.csv
    jobid: 7
    wildcards: diversity=Q3.00
    resources: tmpdir=/tmp

[Wed Dec 15 15:57:47 2021]
Finished job 7.
11 of 18 steps (61%) done
Select jobs to execute...

[Wed Dec 15 15:57:47 2021]
rule Immune_Term_Reduction:
    input: data/GSEA/Q3.00.csv
    output: data/GSEA/GSEA_Results_ImmuneTerms_Q3.00.csv
    jobid: 6
    wildcards: diversity=Q3.00
    resources: tmpdir=/tmp

[Wed Dec 15 15:57:52 2021]
Finished job 6.
12 of 18 steps (67%) done
Select jobs to execute...

[Wed Dec 15 15:57:52 2021]
rule GSEA:
    input: data/Q0.00.csv, raw_data/killifish_human_ortho.csv
    output: data/GSEA/Q0.00.rda, data/GSEA/Q0.00.csv
    jobid: 16
    wildcards: diversity=Q0.00
    resources: tmpdir=/tmp

[Wed Dec 15 15:59:39 2021]
Finished job 16.
13 of 18 steps (72%) done
Select jobs to execute...

[Wed Dec 15 15:59:39 2021]
rule Immune_Term_Reduction:
    input: data/GSEA/Q0.00.csv
    output: data/GSEA/GSEA_Results_ImmuneTerms_Q0.00.csv
    jobid: 15
    wildcards: diversity=Q0.00
    resources: tmpdir=/tmp

[Wed Dec 15 15:59:44 2021]
Finished job 15.
14 of 18 steps (78%) done
Select jobs to execute...

[Wed Dec 15 15:59:44 2021]
rule GSEA:
    input: data/Q2.00.csv, raw_data/killifish_human_ortho.csv
    output: data/GSEA/Q2.00.rda, data/GSEA/Q2.00.csv
    jobid: 10
    wildcards: diversity=Q2.00
    resources: tmpdir=/tmp

[Wed Dec 15 16:02:06 2021]
Finished job 10.
15 of 18 steps (83%) done
Select jobs to execute...

[Wed Dec 15 16:02:06 2021]
rule Immune_Term_Reduction:
    input: data/GSEA/Q2.00.csv
    output: data/GSEA/GSEA_Results_ImmuneTerms_Q2.00.csv
    jobid: 9
    wildcards: diversity=Q2.00
    resources: tmpdir=/tmp

[Wed Dec 15 16:02:11 2021]
Finished job 9.
16 of 18 steps (89%) done
Select jobs to execute...

[Wed Dec 15 16:02:11 2021]
rule GSEA:
    input: data/Q1.50.csv, raw_data/killifish_human_ortho.csv
    output: data/GSEA/Q1.50.rda, data/GSEA/Q1.50.csv
    jobid: 4
    wildcards: diversity=Q1.50
    resources: tmpdir=/tmp

[Wed Dec 15 16:04:14 2021]
Finished job 4.
17 of 18 steps (94%) done
Select jobs to execute...

[Wed Dec 15 16:04:14 2021]
rule Immune_Term_Reduction:
    input: data/GSEA/Q1.50.csv
    output: data/GSEA/GSEA_Results_ImmuneTerms_Q1.50.csv
    jobid: 3
    wildcards: diversity=Q1.50
    resources: tmpdir=/tmp

[Wed Dec 15 16:04:19 2021]
Finished job 3.
18 of 18 steps (100%) done
Complete log: /home/plycrsk/PhD/MPI-AGE2/RNA_AB_Diversity_Analysis/Snakemake_Trial/.snakemake/log/2021-12-15T154919.080585.snakemake.log
