Building DAG of jobs...
Using shell: /usr/bin/bash
Provided cores: 1 (use --cores to define parallelism)
Rules claiming more threads will be scaled down.
Job stats:
job      count    min threads    max threads
-----  -------  -------------  -------------
DESeq        1              1              1
total        1              1              1

Select jobs to execute...

[Wed Dec 15 14:22:37 2021]
rule DESeq:
    input: raw_data/rna_data_raw_counts.csv, raw_data/meta_data_Q0.00.csv
    output: data/Q0.00.csv
    jobid: 0
    resources: tmpdir=/tmp

[Wed Dec 15 14:22:37 2021]
Finished job 0.
1 of 1 steps (100%) done
Complete log: /home/plycrsk/PhD/MPI-AGE2/RNA_AB_Diversity_Analysis/Snakemake_Trial/.snakemake/log/2021-12-15T142237.037633.snakemake.log
